**** New file: mozjpeg.wasm
Magic:   0061736d
Version: 01000000


Section type: 1
Type section
reading section: 
2021-10-05 20:52:14 - section has 40 entries left
i32 2021-10-05 20:52:14 - section has 39 entries left
i32 i32 2021-10-05 20:52:14 - section has 38 entries left
i32 i32 2021-10-05 20:52:14 - section has 37 entries left
i32 i32 i32 i32 2021-10-05 20:52:14 - section has 36 entries left
i32 i32 i32 2021-10-05 20:52:14 - section has 35 entries left
i32 i32 i32 2021-10-05 20:52:14 - section has 34 entries left
i32 i32 i32 i32 i32 2021-10-05 20:52:14 - section has 33 entries left
i32 i32 i32 i32 2021-10-05 20:52:14 - section has 32 entries left
2021-10-05 20:52:14 - section has 31 entries left
i32 i32 i32 i32 i32 i32 2021-10-05 20:52:14 - section has 30 entries left
i32 i32 i32 i32 i32 i32 2021-10-05 20:52:14 - section has 29 entries left
i32 i32 i32 i32 i32 2021-10-05 20:52:14 - section has 28 entries left
i32 i32 i32 i32 i32 i32 i32 i32 2021-10-05 20:52:14 - section has 27 entries left
i32 i32 i32 i32 i32 i32 i32 2021-10-05 20:52:14 - section has 26 entries left
i32 i32 i32 i32 i32 i32 i32 2021-10-05 20:52:14 - section has 25 entries left
i32 i64 i64 i64 i64 2021-10-05 20:52:14 - section has 24 entries left
i32 2021-10-05 20:52:14 - section has 23 entries left
i32 i64 i64 i32 2021-10-05 20:52:14 - section has 22 entries left
i64 i32 i32 2021-10-05 20:52:14 - section has 21 entries left
i64 i64 i32 2021-10-05 20:52:14 - section has 20 entries left
i32 i64 i32 i64 2021-10-05 20:52:14 - section has 19 entries left
f64 f64 2021-10-05 20:52:14 - section has 18 entries left
i32 i32 i32 i32 i32 i32 i32 i32 i32 2021-10-05 20:52:14 - section has 17 entries left
i32 i32 i32 i32 i32 i32 i32 i32 i32 i32 2021-10-05 20:52:14 - section has 16 entries left
i32 i32 i32 i32 i32 i32 i32 i32 i32 i32 i32 2021-10-05 20:52:14 - section has 15 entries left
i32 i32 i32 i32 i32 i32 i32 i32 i32 i32 i32 i32 2021-10-05 20:52:14 - section has 14 entries left
i32 i32 i64 2021-10-05 20:52:14 - section has 13 entries left
i32 i64 2021-10-05 20:52:14 - section has 12 entries left
i32 i64 i64 2021-10-05 20:52:14 - section has 11 entries left
i32 f32 2021-10-05 20:52:14 - section has 10 entries left
i32 f64 2021-10-05 20:52:14 - section has 9 entries left
i32 i32 i32 i32 i32 i32 i32 i32 2021-10-05 20:52:14 - section has 8 entries left
i64 i32 i32 i32 2021-10-05 20:52:14 - section has 7 entries left
i64 i64 i64 i64 i32 2021-10-05 20:52:14 - section has 6 entries left
i32 i64 2021-10-05 20:52:14 - section has 5 entries left
i32 i32 i64 2021-10-05 20:52:14 - section has 4 entries left
i64 i64 f32 2021-10-05 20:52:14 - section has 3 entries left
f32 f32 2021-10-05 20:52:14 - section has 2 entries left
i64 i64 f64 2021-10-05 20:52:14 - section has 1 entries left
f64 i32 f64 2021-10-05 20:52:14 - section has 0 entries left


Section type: 2
Import section
reading section: 
2021-10-05 20:52:14 - section has 29 entries left
name = a name = a func 2021-10-05 20:52:14 - section has 28 entries left
name = a name = b func 2021-10-05 20:52:14 - section has 27 entries left
name = a name = c func 2021-10-05 20:52:14 - section has 26 entries left
name = a name = d func 2021-10-05 20:52:14 - section has 25 entries left
name = a name = e func 2021-10-05 20:52:14 - section has 24 entries left
name = a name = f func 2021-10-05 20:52:14 - section has 23 entries left
name = a name = g func 2021-10-05 20:52:14 - section has 22 entries left
name = a name = h func 2021-10-05 20:52:14 - section has 21 entries left
name = a name = i func 2021-10-05 20:52:14 - section has 20 entries left
name = a name = j func 2021-10-05 20:52:14 - section has 19 entries left
name = a name = k func 2021-10-05 20:52:14 - section has 18 entries left
name = a name = l func 2021-10-05 20:52:14 - section has 17 entries left
name = a name = m func 2021-10-05 20:52:14 - section has 16 entries left
name = a name = n func 2021-10-05 20:52:14 - section has 15 entries left
name = a name = o func 2021-10-05 20:52:14 - section has 14 entries left
name = a name = p func 2021-10-05 20:52:14 - section has 13 entries left
name = a name = q func 2021-10-05 20:52:14 - section has 12 entries left
name = a name = r func 2021-10-05 20:52:14 - section has 11 entries left
name = a name = s func 2021-10-05 20:52:14 - section has 10 entries left
name = a name = t func 2021-10-05 20:52:14 - section has 9 entries left
name = a name = u func 2021-10-05 20:52:14 - section has 8 entries left
name = a name = v func 2021-10-05 20:52:14 - section has 7 entries left
name = a name = w func 2021-10-05 20:52:14 - section has 6 entries left
name = a name = x func 2021-10-05 20:52:14 - section has 5 entries left
name = a name = y func 2021-10-05 20:52:14 - section has 4 entries left
name = a name = z func 2021-10-05 20:52:14 - section has 3 entries left
name = a name = A func 2021-10-05 20:52:14 - section has 2 entries left
name = a name = memory mem lower, upper2021-10-05 20:52:14 - section has 1 entries left
name = a name = table table funcreflower limit2021-10-05 20:52:14 - section has 0 entries left


Section type: 3
Function section
reading section: 
2021-10-05 20:52:14 - section has 350 entries left
2021-10-05 20:52:14 - section has 349 entries left
2021-10-05 20:52:14 - section has 348 entries left
2021-10-05 20:52:14 - section has 347 entries left
2021-10-05 20:52:14 - section has 346 entries left
2021-10-05 20:52:14 - section has 345 entries left
2021-10-05 20:52:14 - section has 344 entries left
2021-10-05 20:52:14 - section has 343 entries left
2021-10-05 20:52:14 - section has 342 entries left
2021-10-05 20:52:14 - section has 341 entries left
2021-10-05 20:52:14 - section has 340 entries left
2021-10-05 20:52:14 - section has 339 entries left
2021-10-05 20:52:14 - section has 338 entries left
2021-10-05 20:52:14 - section has 337 entries left
2021-10-05 20:52:14 - section has 336 entries left
2021-10-05 20:52:14 - section has 335 entries left
2021-10-05 20:52:14 - section has 334 entries left
2021-10-05 20:52:14 - section has 333 entries left
2021-10-05 20:52:14 - section has 332 entries left
2021-10-05 20:52:14 - section has 331 entries left
2021-10-05 20:52:14 - section has 330 entries left
2021-10-05 20:52:14 - section has 329 entries left
2021-10-05 20:52:14 - section has 328 entries left
2021-10-05 20:52:14 - section has 327 entries left
2021-10-05 20:52:14 - section has 326 entries left
2021-10-05 20:52:14 - section has 325 entries left
2021-10-05 20:52:14 - section has 324 entries left
2021-10-05 20:52:14 - section has 323 entries left
2021-10-05 20:52:14 - section has 322 entries left
2021-10-05 20:52:14 - section has 321 entries left
2021-10-05 20:52:14 - section has 320 entries left
2021-10-05 20:52:14 - section has 319 entries left
2021-10-05 20:52:14 - section has 318 entries left
2021-10-05 20:52:14 - section has 317 entries left
2021-10-05 20:52:14 - section has 316 entries left
2021-10-05 20:52:14 - section has 315 entries left
2021-10-05 20:52:14 - section has 314 entries left
2021-10-05 20:52:14 - section has 313 entries left
2021-10-05 20:52:14 - section has 312 entries left
2021-10-05 20:52:14 - section has 311 entries left
2021-10-05 20:52:14 - section has 310 entries left
2021-10-05 20:52:14 - section has 309 entries left
2021-10-05 20:52:14 - section has 308 entries left
2021-10-05 20:52:14 - section has 307 entries left
2021-10-05 20:52:14 - section has 306 entries left
2021-10-05 20:52:14 - section has 305 entries left
2021-10-05 20:52:14 - section has 304 entries left
2021-10-05 20:52:14 - section has 303 entries left
2021-10-05 20:52:14 - section has 302 entries left
2021-10-05 20:52:14 - section has 301 entries left
2021-10-05 20:52:14 - section has 300 entries left
2021-10-05 20:52:14 - section has 299 entries left
2021-10-05 20:52:14 - section has 298 entries left
2021-10-05 20:52:14 - section has 297 entries left
2021-10-05 20:52:14 - section has 296 entries left
2021-10-05 20:52:14 - section has 295 entries left
2021-10-05 20:52:14 - section has 294 entries left
2021-10-05 20:52:14 - section has 293 entries left
2021-10-05 20:52:14 - section has 292 entries left
2021-10-05 20:52:14 - section has 291 entries left
2021-10-05 20:52:14 - section has 290 entries left
2021-10-05 20:52:14 - section has 289 entries left
2021-10-05 20:52:14 - section has 288 entries left
2021-10-05 20:52:14 - section has 287 entries left
2021-10-05 20:52:14 - section has 286 entries left
2021-10-05 20:52:14 - section has 285 entries left
2021-10-05 20:52:14 - section has 284 entries left
2021-10-05 20:52:14 - section has 283 entries left
2021-10-05 20:52:14 - section has 282 entries left
2021-10-05 20:52:14 - section has 281 entries left
2021-10-05 20:52:14 - section has 280 entries left
2021-10-05 20:52:14 - section has 279 entries left
2021-10-05 20:52:14 - section has 278 entries left
2021-10-05 20:52:14 - section has 277 entries left
2021-10-05 20:52:14 - section has 276 entries left
2021-10-05 20:52:14 - section has 275 entries left
2021-10-05 20:52:14 - section has 274 entries left
2021-10-05 20:52:14 - section has 273 entries left
2021-10-05 20:52:14 - section has 272 entries left
2021-10-05 20:52:14 - section has 271 entries left
2021-10-05 20:52:14 - section has 270 entries left
2021-10-05 20:52:14 - section has 269 entries left
2021-10-05 20:52:14 - section has 268 entries left
2021-10-05 20:52:14 - section has 267 entries left
2021-10-05 20:52:14 - section has 266 entries left
2021-10-05 20:52:14 - section has 265 entries left
2021-10-05 20:52:14 - section has 264 entries left
2021-10-05 20:52:14 - section has 263 entries left
2021-10-05 20:52:14 - section has 262 entries left
2021-10-05 20:52:14 - section has 261 entries left
2021-10-05 20:52:14 - section has 260 entries left
2021-10-05 20:52:14 - section has 259 entries left
2021-10-05 20:52:14 - section has 258 entries left
2021-10-05 20:52:14 - section has 257 entries left
2021-10-05 20:52:14 - section has 256 entries left
2021-10-05 20:52:14 - section has 255 entries left
2021-10-05 20:52:14 - section has 254 entries left
2021-10-05 20:52:14 - section has 253 entries left
2021-10-05 20:52:14 - section has 252 entries left
2021-10-05 20:52:14 - section has 251 entries left
2021-10-05 20:52:14 - section has 250 entries left
2021-10-05 20:52:14 - section has 249 entries left
2021-10-05 20:52:14 - section has 248 entries left
2021-10-05 20:52:14 - section has 247 entries left
2021-10-05 20:52:14 - section has 246 entries left
2021-10-05 20:52:14 - section has 245 entries left
2021-10-05 20:52:14 - section has 244 entries left
2021-10-05 20:52:14 - section has 243 entries left
2021-10-05 20:52:14 - section has 242 entries left
2021-10-05 20:52:14 - section has 241 entries left
2021-10-05 20:52:14 - section has 240 entries left
2021-10-05 20:52:14 - section has 239 entries left
2021-10-05 20:52:14 - section has 238 entries left
2021-10-05 20:52:14 - section has 237 entries left
2021-10-05 20:52:14 - section has 236 entries left
2021-10-05 20:52:14 - section has 235 entries left
2021-10-05 20:52:14 - section has 234 entries left
2021-10-05 20:52:14 - section has 233 entries left
2021-10-05 20:52:14 - section has 232 entries left
2021-10-05 20:52:14 - section has 231 entries left
2021-10-05 20:52:14 - section has 230 entries left
2021-10-05 20:52:14 - section has 229 entries left
2021-10-05 20:52:14 - section has 228 entries left
2021-10-05 20:52:14 - section has 227 entries left
2021-10-05 20:52:14 - section has 226 entries left
2021-10-05 20:52:14 - section has 225 entries left
2021-10-05 20:52:14 - section has 224 entries left
2021-10-05 20:52:14 - section has 223 entries left
2021-10-05 20:52:14 - section has 222 entries left
2021-10-05 20:52:14 - section has 221 entries left
2021-10-05 20:52:14 - section has 220 entries left
2021-10-05 20:52:14 - section has 219 entries left
2021-10-05 20:52:14 - section has 218 entries left
2021-10-05 20:52:14 - section has 217 entries left
2021-10-05 20:52:14 - section has 216 entries left
2021-10-05 20:52:14 - section has 215 entries left
2021-10-05 20:52:14 - section has 214 entries left
2021-10-05 20:52:14 - section has 213 entries left
2021-10-05 20:52:14 - section has 212 entries left
2021-10-05 20:52:14 - section has 211 entries left
2021-10-05 20:52:14 - section has 210 entries left
2021-10-05 20:52:14 - section has 209 entries left
2021-10-05 20:52:14 - section has 208 entries left
2021-10-05 20:52:14 - section has 207 entries left
2021-10-05 20:52:14 - section has 206 entries left
2021-10-05 20:52:14 - section has 205 entries left
2021-10-05 20:52:14 - section has 204 entries left
2021-10-05 20:52:14 - section has 203 entries left
2021-10-05 20:52:14 - section has 202 entries left
2021-10-05 20:52:14 - section has 201 entries left
2021-10-05 20:52:14 - section has 200 entries left
2021-10-05 20:52:14 - section has 199 entries left
2021-10-05 20:52:14 - section has 198 entries left
2021-10-05 20:52:14 - section has 197 entries left
2021-10-05 20:52:14 - section has 196 entries left
2021-10-05 20:52:14 - section has 195 entries left
2021-10-05 20:52:14 - section has 194 entries left
2021-10-05 20:52:14 - section has 193 entries left
2021-10-05 20:52:14 - section has 192 entries left
2021-10-05 20:52:14 - section has 191 entries left
2021-10-05 20:52:14 - section has 190 entries left
2021-10-05 20:52:14 - section has 189 entries left
2021-10-05 20:52:14 - section has 188 entries left
2021-10-05 20:52:14 - section has 187 entries left
2021-10-05 20:52:14 - section has 186 entries left
2021-10-05 20:52:14 - section has 185 entries left
2021-10-05 20:52:14 - section has 184 entries left
2021-10-05 20:52:14 - section has 183 entries left
2021-10-05 20:52:14 - section has 182 entries left
2021-10-05 20:52:14 - section has 181 entries left
2021-10-05 20:52:14 - section has 180 entries left
2021-10-05 20:52:14 - section has 179 entries left
2021-10-05 20:52:14 - section has 178 entries left
2021-10-05 20:52:14 - section has 177 entries left
2021-10-05 20:52:14 - section has 176 entries left
2021-10-05 20:52:14 - section has 175 entries left
2021-10-05 20:52:14 - section has 174 entries left
2021-10-05 20:52:14 - section has 173 entries left
2021-10-05 20:52:14 - section has 172 entries left
2021-10-05 20:52:14 - section has 171 entries left
2021-10-05 20:52:14 - section has 170 entries left
2021-10-05 20:52:14 - section has 169 entries left
2021-10-05 20:52:14 - section has 168 entries left
2021-10-05 20:52:14 - section has 167 entries left
2021-10-05 20:52:14 - section has 166 entries left
2021-10-05 20:52:14 - section has 165 entries left
2021-10-05 20:52:14 - section has 164 entries left
2021-10-05 20:52:14 - section has 163 entries left
2021-10-05 20:52:14 - section has 162 entries left
2021-10-05 20:52:14 - section has 161 entries left
2021-10-05 20:52:14 - section has 160 entries left
2021-10-05 20:52:14 - section has 159 entries left
2021-10-05 20:52:14 - section has 158 entries left
2021-10-05 20:52:14 - section has 157 entries left
2021-10-05 20:52:14 - section has 156 entries left
2021-10-05 20:52:14 - section has 155 entries left
2021-10-05 20:52:14 - section has 154 entries left
2021-10-05 20:52:14 - section has 153 entries left
2021-10-05 20:52:14 - section has 152 entries left
2021-10-05 20:52:14 - section has 151 entries left
2021-10-05 20:52:14 - section has 150 entries left
2021-10-05 20:52:14 - section has 149 entries left
2021-10-05 20:52:14 - section has 148 entries left
2021-10-05 20:52:14 - section has 147 entries left
2021-10-05 20:52:14 - section has 146 entries left
2021-10-05 20:52:14 - section has 145 entries left
2021-10-05 20:52:14 - section has 144 entries left
2021-10-05 20:52:14 - section has 143 entries left
2021-10-05 20:52:14 - section has 142 entries left
2021-10-05 20:52:14 - section has 141 entries left
2021-10-05 20:52:14 - section has 140 entries left
2021-10-05 20:52:14 - section has 139 entries left
2021-10-05 20:52:14 - section has 138 entries left
2021-10-05 20:52:14 - section has 137 entries left
2021-10-05 20:52:14 - section has 136 entries left
2021-10-05 20:52:14 - section has 135 entries left
2021-10-05 20:52:14 - section has 134 entries left
2021-10-05 20:52:14 - section has 133 entries left
2021-10-05 20:52:14 - section has 132 entries left
2021-10-05 20:52:14 - section has 131 entries left
2021-10-05 20:52:14 - section has 130 entries left
2021-10-05 20:52:14 - section has 129 entries left
2021-10-05 20:52:14 - section has 128 entries left
2021-10-05 20:52:14 - section has 127 entries left
2021-10-05 20:52:14 - section has 126 entries left
2021-10-05 20:52:14 - section has 125 entries left
2021-10-05 20:52:14 - section has 124 entries left
2021-10-05 20:52:14 - section has 123 entries left
2021-10-05 20:52:14 - section has 122 entries left
2021-10-05 20:52:14 - section has 121 entries left
2021-10-05 20:52:14 - section has 120 entries left
2021-10-05 20:52:14 - section has 119 entries left
2021-10-05 20:52:14 - section has 118 entries left
2021-10-05 20:52:14 - section has 117 entries left
2021-10-05 20:52:14 - section has 116 entries left
2021-10-05 20:52:14 - section has 115 entries left
2021-10-05 20:52:14 - section has 114 entries left
2021-10-05 20:52:14 - section has 113 entries left
2021-10-05 20:52:14 - section has 112 entries left
2021-10-05 20:52:14 - section has 111 entries left
2021-10-05 20:52:14 - section has 110 entries left
2021-10-05 20:52:14 - section has 109 entries left
2021-10-05 20:52:14 - section has 108 entries left
2021-10-05 20:52:14 - section has 107 entries left
2021-10-05 20:52:14 - section has 106 entries left
2021-10-05 20:52:14 - section has 105 entries left
2021-10-05 20:52:14 - section has 104 entries left
2021-10-05 20:52:14 - section has 103 entries left
2021-10-05 20:52:14 - section has 102 entries left
2021-10-05 20:52:14 - section has 101 entries left
2021-10-05 20:52:14 - section has 100 entries left
2021-10-05 20:52:14 - section has 99 entries left
2021-10-05 20:52:14 - section has 98 entries left
2021-10-05 20:52:14 - section has 97 entries left
2021-10-05 20:52:14 - section has 96 entries left
2021-10-05 20:52:14 - section has 95 entries left
2021-10-05 20:52:14 - section has 94 entries left
2021-10-05 20:52:14 - section has 93 entries left
2021-10-05 20:52:14 - section has 92 entries left
2021-10-05 20:52:14 - section has 91 entries left
2021-10-05 20:52:14 - section has 90 entries left
2021-10-05 20:52:14 - section has 89 entries left
2021-10-05 20:52:14 - section has 88 entries left
2021-10-05 20:52:14 - section has 87 entries left
2021-10-05 20:52:14 - section has 86 entries left
2021-10-05 20:52:14 - section has 85 entries left
2021-10-05 20:52:14 - section has 84 entries left
2021-10-05 20:52:14 - section has 83 entries left
2021-10-05 20:52:14 - section has 82 entries left
2021-10-05 20:52:14 - section has 81 entries left
2021-10-05 20:52:14 - section has 80 entries left
2021-10-05 20:52:14 - section has 79 entries left
2021-10-05 20:52:14 - section has 78 entries left
2021-10-05 20:52:14 - section has 77 entries left
2021-10-05 20:52:14 - section has 76 entries left
2021-10-05 20:52:14 - section has 75 entries left
2021-10-05 20:52:14 - section has 74 entries left
2021-10-05 20:52:14 - section has 73 entries left
2021-10-05 20:52:14 - section has 72 entries left
2021-10-05 20:52:14 - section has 71 entries left
2021-10-05 20:52:14 - section has 70 entries left
2021-10-05 20:52:14 - section has 69 entries left
2021-10-05 20:52:14 - section has 68 entries left
2021-10-05 20:52:14 - section has 67 entries left
2021-10-05 20:52:14 - section has 66 entries left
2021-10-05 20:52:14 - section has 65 entries left
2021-10-05 20:52:14 - section has 64 entries left
2021-10-05 20:52:14 - section has 63 entries left
2021-10-05 20:52:14 - section has 62 entries left
2021-10-05 20:52:14 - section has 61 entries left
2021-10-05 20:52:14 - section has 60 entries left
2021-10-05 20:52:14 - section has 59 entries left
2021-10-05 20:52:14 - section has 58 entries left
2021-10-05 20:52:14 - section has 57 entries left
2021-10-05 20:52:14 - section has 56 entries left
2021-10-05 20:52:14 - section has 55 entries left
2021-10-05 20:52:14 - section has 54 entries left
2021-10-05 20:52:14 - section has 53 entries left
2021-10-05 20:52:14 - section has 52 entries left
2021-10-05 20:52:14 - section has 51 entries left
2021-10-05 20:52:14 - section has 50 entries left
2021-10-05 20:52:14 - section has 49 entries left
2021-10-05 20:52:14 - section has 48 entries left
2021-10-05 20:52:14 - section has 47 entries left
2021-10-05 20:52:14 - section has 46 entries left
2021-10-05 20:52:14 - section has 45 entries left
2021-10-05 20:52:14 - section has 44 entries left
2021-10-05 20:52:14 - section has 43 entries left
2021-10-05 20:52:14 - section has 42 entries left
2021-10-05 20:52:14 - section has 41 entries left
2021-10-05 20:52:14 - section has 40 entries left
2021-10-05 20:52:14 - section has 39 entries left
2021-10-05 20:52:14 - section has 38 entries left
2021-10-05 20:52:14 - section has 37 entries left
2021-10-05 20:52:14 - section has 36 entries left
2021-10-05 20:52:14 - section has 35 entries left
2021-10-05 20:52:14 - section has 34 entries left
2021-10-05 20:52:14 - section has 33 entries left
2021-10-05 20:52:14 - section has 32 entries left
2021-10-05 20:52:14 - section has 31 entries left
2021-10-05 20:52:14 - section has 30 entries left
2021-10-05 20:52:14 - section has 29 entries left
2021-10-05 20:52:14 - section has 28 entries left
2021-10-05 20:52:14 - section has 27 entries left
2021-10-05 20:52:14 - section has 26 entries left
2021-10-05 20:52:14 - section has 25 entries left
2021-10-05 20:52:14 - section has 24 entries left
2021-10-05 20:52:14 - section has 23 entries left
2021-10-05 20:52:14 - section has 22 entries left
2021-10-05 20:52:14 - section has 21 entries left
2021-10-05 20:52:14 - section has 20 entries left
2021-10-05 20:52:14 - section has 19 entries left
2021-10-05 20:52:14 - section has 18 entries left
2021-10-05 20:52:14 - section has 17 entries left
2021-10-05 20:52:14 - section has 16 entries left
2021-10-05 20:52:14 - section has 15 entries left
2021-10-05 20:52:14 - section has 14 entries left
2021-10-05 20:52:14 - section has 13 entries left
2021-10-05 20:52:14 - section has 12 entries left
2021-10-05 20:52:14 - section has 11 entries left
2021-10-05 20:52:14 - section has 10 entries left
2021-10-05 20:52:14 - section has 9 entries left
2021-10-05 20:52:14 - section has 8 entries left
2021-10-05 20:52:14 - section has 7 entries left
2021-10-05 20:52:14 - section has 6 entries left
2021-10-05 20:52:14 - section has 5 entries left
2021-10-05 20:52:14 - section has 4 entries left
2021-10-05 20:52:14 - section has 3 entries left
2021-10-05 20:52:14 - section has 2 entries left
2021-10-05 20:52:14 - section has 1 entries left
2021-10-05 20:52:14 - section has 0 entries left


Section type: 6
Global section
reading section: 
2021-10-05 20:52:14 - section has 1 entries left
var 2021-10-05 20:52:14 - section has 0 entries left


Section type: 7
Export section
reading section: 
2021-10-05 20:52:14 - section has 21 entries left
name = B func2021-10-05 20:52:14 - section has 20 entries left
name = C func2021-10-05 20:52:14 - section has 19 entries left
name = D func2021-10-05 20:52:14 - section has 18 entries left
name = E func2021-10-05 20:52:14 - section has 17 entries left
name = F func2021-10-05 20:52:14 - section has 16 entries left
name = G func2021-10-05 20:52:14 - section has 15 entries left
name = H func2021-10-05 20:52:14 - section has 14 entries left
name = I func2021-10-05 20:52:14 - section has 13 entries left
name = J func2021-10-05 20:52:14 - section has 12 entries left
name = K func2021-10-05 20:52:14 - section has 11 entries left
name = L func2021-10-05 20:52:14 - section has 10 entries left
name = M func2021-10-05 20:52:14 - section has 9 entries left
name = N func2021-10-05 20:52:14 - section has 8 entries left
name = O func2021-10-05 20:52:14 - section has 7 entries left
name = P func2021-10-05 20:52:14 - section has 6 entries left
name = Q func2021-10-05 20:52:14 - section has 5 entries left
name = R func2021-10-05 20:52:14 - section has 4 entries left
name = S func2021-10-05 20:52:14 - section has 3 entries left
name = T func2021-10-05 20:52:14 - section has 2 entries left
name = U func2021-10-05 20:52:14 - section has 1 entries left
name = V func2021-10-05 20:52:14 - section has 0 entries left


Section type: 9
Element section
reading section: 
2021-10-05 20:52:14 - section has 1 entries left
Index: 46 Index: 374 Index: 153 Index: 364 Index: 358 Index: 349 Index: 340 Index: 153 Index: 338 Index: 336 Index: 315 Index: 312 Index: 46 Index: 361 Index: 46 Index: 362 Index: 307 Index: 46 Index: 363 Index: 80 Index: 296 Index: 291 Index: 80 Index: 284 Index: 80 Index: 277 Index: 272 Index: 80 Index: 266 Index: 238 Index: 231 Index: 225 Index: 215 Index: 208 Index: 203 Index: 202 Index: 201 Index: 86 Index: 200 Index: 197 Index: 196 Index: 193 Index: 192 Index: 191 Index: 190 Index: 189 Index: 188 Index: 187 Index: 184 Index: 183 Index: 182 Index: 174 Index: 173 Index: 172 Index: 171 Index: 170 Index: 169 Index: 168 Index: 166 Index: 165 Index: 164 Index: 162 Index: 46 Index: 161 Index: 160 Index: 152 Index: 159 Index: 158 Index: 152 Index: 157 Index: 373 Index: 46 Index: 372 Index: 371 Index: 369 Index: 368 Index: 367 Index: 366 Index: 365 Index: 359 Index: 107 Index: 357 Index: 356 Index: 355 Index: 354 Index: 353 Index: 352 Index: 351 Index: 106 Index: 52 Index: 154 Index: 347 Index: 346 Index: 345 Index: 344 Index: 343 Index: 342 Index: 331 Index: 60 Index: 330 Index: 329 Index: 328 Index: 327 Index: 323 Index: 326 Index: 320 Index: 322 Index: 143 Index: 319 Index: 97 Index: 260 Index: 283 Index: 286 Index: 285 Index: 270 Index: 142 Index: 60 Index: 244 Index: 243 Index: 242 Index: 241 Index: 142 Index: 60 Index: 46 Index: 46 Index: 237 Index: 235 Index: 234 Index: 233 Index: 60 Index: 239 Index: 60 Index: 226 Index: 228 Index: 232 Index: 60 Index: 227 Index: 229 Index: 230 2021-10-05 20:52:14 - section has 0 entries left


Section type: 10
Code section
reading section: 
2021-10-05 20:52:14 - section has 350 entries left
local count: 2 type: i32
local count: 1 type: i64
locals 
    (local i32 i32 i64)
2021-10-05 20:52:14 - section has 349 entries left
local count: 5 type: i32
locals 
    (local i32 i32 i32 i32 i32)
2021-10-05 20:52:14 - section has 348 entries left
local count: 3 type: i32
local count: 1 type: i64
locals 
    (local i32 i32 i32 i64)
2021-10-05 20:52:14 - section has 347 entries left
local count: 3 type: i32
locals 
    (local i32 i32 i32)
2021-10-05 20:52:14 - section has 346 entries left
local count: 5 type: i32
local count: 15 type: i64
locals 
    (local i32 i32 i32 i32 i32 i64 i64 i64 i64 i64 i64 i64 i64 i64 i64 i64 i64 i64 i64 i64)
2021-10-05 20:52:14 - section has 345 entries left
local count: 11 type: i32
locals 
    (local i32 i32 i32 i32 i32 i32 i32 i32 i32 i32 i32)
2021-10-05 20:52:14 - section has 344 entries left
local count: 7 type: i32
locals 
    (local i32 i32 i32 i32 i32 i32 i32)
2021-10-05 20:52:14 - section has 343 entries left
local count: 3 type: i32
locals 
    (local i32 i32 i32)
2021-10-05 20:52:14 - section has 342 entries left
local count: 8 type: i32
locals 
    (local i32 i32 i32 i32 i32 i32 i32 i32)
2021-10-05 20:52:14 - section has 341 entries left
local count: 1 type: i64
locals 
    (local i64)
2021-10-05 20:52:14 - section has 340 entries left
locals 
2021-10-05 20:52:14 - section has 339 entries left
local count: 4 type: i32
local count: 4 type: i64
locals 
    (local i32 i32 i32 i32 i64 i64 i64 i64)
2021-10-05 20:52:14 - section has 338 entries left
local count: 2 type: i32
local count: 1 type: i64
locals 
    (local i32 i32 i64)
2021-10-05 20:52:14 - section has 337 entries left
locals 
2021-10-05 20:52:14 - section has 336 entries left
local count: 3 type: i64
locals 
    (local i64 i64 i64)
2021-10-05 20:52:14 - section has 335 entries left
local count: 18 type: i32
locals 
    (local i32 i32 i32 i32 i32 i32 i32 i32 i32 i32 i32 i32 i32 i32 i32 i32 i32 i32)
2021-10-05 20:52:14 - section has 334 entries left
local count: 2 type: i32
local count: 1 type: i64
locals 
    (local i32 i32 i64)
2021-10-05 20:52:14 - section has 333 entries left
local count: 2 type: i32
local count: 3 type: i64
locals 
    (local i32 i32 i64 i64 i64)
2021-10-05 20:52:14 - section has 332 entries left
locals 
2021-10-05 20:52:14 - section has 331 entries left
locals 
2021-10-05 20:52:14 - section has 330 entries left
locals 
2021-10-05 20:52:14 - section has 329 entries left
locals 
2021-10-05 20:52:14 - section has 328 entries left
local count: 1 type: i32
locals 
    (local i32)
2021-10-05 20:52:14 - section has 327 entries left
locals 
2021-10-05 20:52:14 - section has 326 entries left
local count: 1 type: i32
local count: 2 type: i64
locals 
    (local i32 i64 i64)
2021-10-05 20:52:14 - section has 325 entries left
local count: 7 type: i32
locals 
    (local i32 i32 i32 i32 i32 i32 i32)
2021-10-05 20:52:14 - section has 324 entries left
locals 
2021-10-05 20:52:14 - section has 323 entries left
local count: 7 type: i32
locals 
    (local i32 i32 i32 i32 i32 i32 i32)
2021-10-05 20:52:14 - section has 322 entries left
locals 
2021-10-05 20:52:14 - section has 321 entries left
locals 
2021-10-05 20:52:14 - section has 320 entries left
locals 
2021-10-05 20:52:14 - section has 319 entries left
locals 
2021-10-05 20:52:14 - section has 318 entries left
locals 
2021-10-05 20:52:14 - section has 317 entries left
locals 
2021-10-05 20:52:14 - section has 316 entries left
local count: 1 type: i32
local count: 1 type: i64
locals 
    (local i32 i64)
2021-10-05 20:52:14 - section has 315 entries left
local count: 2 type: i32
local count: 1 type: i64
local count: 2 type: f64
locals 
    (local i32 i32 i64 f64 f64)
2021-10-05 20:52:14 - section has 314 entries left
local count: 1 type: i64
locals 
    (local i64)
2021-10-05 20:52:14 - section has 313 entries left
local count: 5 type: i32
locals 
    (local i32 i32 i32 i32 i32)
2021-10-05 20:52:14 - section has 312 entries left
locals 
2021-10-05 20:52:14 - section has 311 entries left
locals 
2021-10-05 20:52:14 - section has 310 entries left
local count: 4 type: i32
locals 
    (local i32 i32 i32 i32)
2021-10-05 20:52:14 - section has 309 entries left
locals 
2021-10-05 20:52:14 - section has 308 entries left
local count: 3 type: i32
locals 
    (local i32 i32 i32)
2021-10-05 20:52:14 - section has 307 entries left
local count: 2 type: i32
locals 
    (local i32 i32)
2021-10-05 20:52:14 - section has 306 entries left
locals 
2021-10-05 20:52:14 - section has 305 entries left
local count: 8 type: i32
locals 
    (local i32 i32 i32 i32 i32 i32 i32 i32)
2021-10-05 20:52:14 - section has 304 entries left
locals 
2021-10-05 20:52:14 - section has 303 entries left
local count: 3 type: i32
local count: 1 type: i64
local count: 2 type: f64
locals 
    (local i32 i32 i32 i64 f64 f64)
2021-10-05 20:52:14 - section has 302 entries left
local count: 1 type: i32
locals 
    (local i32)
2021-10-05 20:52:14 - section has 301 entries left
locals 
2021-10-05 20:52:14 - section has 300 entries left
locals 
2021-10-05 20:52:14 - section has 299 entries left
local count: 1 type: i32
locals 
    (local i32)
2021-10-05 20:52:14 - section has 298 entries left
locals 
2021-10-05 20:52:14 - section has 297 entries left
locals 
2021-10-05 20:52:14 - section has 296 entries left
locals 
2021-10-05 20:52:14 - section has 295 entries left
locals 
2021-10-05 20:52:14 - section has 294 entries left
local count: 7 type: i32
locals 
    (local i32 i32 i32 i32 i32 i32 i32)
2021-10-05 20:52:14 - section has 293 entries left
local count: 7 type: i32
locals 
    (local i32 i32 i32 i32 i32 i32 i32)
2021-10-05 20:52:14 - section has 292 entries left
locals 
2021-10-05 20:52:14 - section has 291 entries left
local count: 14 type: i32
locals 
    (local i32 i32 i32 i32 i32 i32 i32 i32 i32 i32 i32 i32 i32 i32)
2021-10-05 20:52:14 - section has 290 entries left
local count: 2 type: i32
locals 
    (local i32 i32)
2021-10-05 20:52:14 - section has 289 entries left
local count: 1 type: i32
locals 
    (local i32)
2021-10-05 20:52:14 - section has 288 entries left
locals 
2021-10-05 20:52:14 - section has 287 entries left
locals 
2021-10-05 20:52:14 - section has 286 entries left
locals 
2021-10-05 20:52:14 - section has 285 entries left
local count: 15 type: i32
local count: 1 type: i64
locals 
    (local i32 i32 i32 i32 i32 i32 i32 i32 i32 i32 i32 i32 i32 i32 i32 i64)
2021-10-05 20:52:14 - section has 284 entries left
locals 
2021-10-05 20:52:14 - section has 283 entries left
local count: 1 type: i32
locals 
    (local i32)
2021-10-05 20:52:14 - section has 282 entries left
local count: 1 type: i32
locals 
    (local i32)
2021-10-05 20:52:14 - section has 281 entries left
locals 
2021-10-05 20:52:14 - section has 280 entries left
local count: 2 type: i32
locals 
    (local i32 i32)
2021-10-05 20:52:14 - section has 279 entries left
locals 
2021-10-05 20:52:14 - section has 278 entries left
locals 
2021-10-05 20:52:14 - section has 277 entries left
locals 
2021-10-05 20:52:14 - section has 276 entries left
locals 
2021-10-05 20:52:14 - section has 275 entries left
local count: 36 type: i32
local count: 9 type: f32
local count: 2 type: f64
locals 
    (local i32 i32 i32 i32 i32 i32 i32 i32 i32 i32 i32 i32 i32 i32 i32 i32 i32 i32 i32 i32 i32 i32 i32 i32 i32 i32 i32 i32 i32 i32 i32 i32 i32 i32 i32 i32 f32 f32 f32 f32 f32 f32 f32 f32 f32 f64 f64)
2021-10-05 20:52:14 - section has 274 entries left
local count: 1 type: i32
locals 
    (local i32)
2021-10-05 20:52:14 - section has 273 entries left
local count: 39 type: i32
local count: 7 type: f32
local count: 2 type: f64
locals 
    (local i32 i32 i32 i32 i32 i32 i32 i32 i32 i32 i32 i32 i32 i32 i32 i32 i32 i32 i32 i32 i32 i32 i32 i32 i32 i32 i32 i32 i32 i32 i32 i32 i32 i32 i32 i32 i32 i32 i32 f32 f32 f32 f32 f32 f32 f32 f64 f64)
2021-10-05 20:52:14 - section has 272 entries left
local count: 4 type: i32
locals 
    (local i32 i32 i32 i32)
2021-10-05 20:52:14 - section has 271 entries left
local count: 3 type: i32
locals 
    (local i32 i32 i32)
2021-10-05 20:52:14 - section has 270 entries left
local count: 3 type: i32
locals 
    (local i32 i32 i32)
2021-10-05 20:52:14 - section has 269 entries left
local count: 7 type: i32
locals 
    (local i32 i32 i32 i32 i32 i32 i32)
2021-10-05 20:52:14 - section has 268 entries left
locals 
2021-10-05 20:52:14 - section has 267 entries left
local count: 2 type: i32
locals 
    (local i32 i32)
2021-10-05 20:52:14 - section has 266 entries left
locals 
2021-10-05 20:52:14 - section has 265 entries left
local count: 1 type: i32
locals 
    (local i32)
2021-10-05 20:52:14 - section has 264 entries left
local count: 7 type: i32
locals 
    (local i32 i32 i32 i32 i32 i32 i32)
2021-10-05 20:52:14 - section has 263 entries left
local count: 6 type: i32
locals 
    (local i32 i32 i32 i32 i32 i32)
2021-10-05 20:52:14 - section has 262 entries left
local count: 1 type: i32
locals 
    (local i32)
2021-10-05 20:52:14 - section has 261 entries left
locals 
2021-10-05 20:52:14 - section has 260 entries left
local count: 3 type: i32
locals 
    (local i32 i32 i32)
2021-10-05 20:52:14 - section has 259 entries left
locals 
2021-10-05 20:52:14 - section has 258 entries left
locals 
2021-10-05 20:52:14 - section has 257 entries left
locals 
2021-10-05 20:52:14 - section has 256 entries left
locals 
2021-10-05 20:52:14 - section has 255 entries left
locals 
2021-10-05 20:52:14 - section has 254 entries left
local count: 11 type: i32
locals 
    (local i32 i32 i32 i32 i32 i32 i32 i32 i32 i32 i32)
2021-10-05 20:52:14 - section has 253 entries left
locals 
2021-10-05 20:52:14 - section has 252 entries left
local count: 4 type: i32
local count: 1 type: i64
locals 
    (local i32 i32 i32 i32 i64)
2021-10-05 20:52:14 - section has 251 entries left
local count: 1 type: i32
locals 
    (local i32)
2021-10-05 20:52:14 - section has 250 entries left
locals 
2021-10-05 20:52:14 - section has 249 entries left
local count: 1 type: i32
locals 
    (local i32)
2021-10-05 20:52:14 - section has 248 entries left
locals 
2021-10-05 20:52:14 - section has 247 entries left
local count: 4 type: i32
locals 
    (local i32 i32 i32 i32)
2021-10-05 20:52:14 - section has 246 entries left
locals 
2021-10-05 20:52:14 - section has 245 entries left
local count: 1 type: i32
locals 
    (local i32)
2021-10-05 20:52:14 - section has 244 entries left
locals 
2021-10-05 20:52:14 - section has 243 entries left
local count: 1 type: i32
locals 
    (local i32)
2021-10-05 20:52:14 - section has 242 entries left
local count: 1 type: i32
locals 
    (local i32)
2021-10-05 20:52:14 - section has 241 entries left
local count: 1 type: i32
locals 
    (local i32)
2021-10-05 20:52:14 - section has 240 entries left
local count: 1 type: i32
locals 
    (local i32)
2021-10-05 20:52:14 - section has 239 entries left
local count: 1 type: i32
locals 
    (local i32)
2021-10-05 20:52:14 - section has 238 entries left
local count: 1 type: i32
locals 
    (local i32)
2021-10-05 20:52:14 - section has 237 entries left
locals 
2021-10-05 20:52:14 - section has 236 entries left
local count: 4 type: i32
locals 
    (local i32 i32 i32 i32)
2021-10-05 20:52:14 - section has 235 entries left
locals 
2021-10-05 20:52:14 - section has 234 entries left
locals 
2021-10-05 20:52:14 - section has 233 entries left
locals 
2021-10-05 20:52:14 - section has 232 entries left
local count: 2 type: i32
local count: 2 type: i64
locals 
    (local i32 i32 i64 i64)
2021-10-05 20:52:14 - section has 231 entries left
local count: 3 type: i32
locals 
    (local i32 i32 i32)
2021-10-05 20:52:14 - section has 230 entries left
locals 
2021-10-05 20:52:14 - section has 229 entries left
local count: 3 type: i32
locals 
    (local i32 i32 i32)
2021-10-05 20:52:14 - section has 228 entries left
local count: 1 type: i32
locals 
    (local i32)
2021-10-05 20:52:14 - section has 227 entries left
local count: 5 type: i32
local count: 4 type: i64
locals 
    (local i32 i32 i32 i32 i32 i64 i64 i64 i64)
2021-10-05 20:52:14 - section has 226 entries left
local count: 5 type: i32
local count: 12 type: i64
locals 
    (local i32 i32 i32 i32 i32 i64 i64 i64 i64 i64 i64 i64 i64 i64 i64 i64 i64)
2021-10-05 20:52:14 - section has 225 entries left
locals 
2021-10-05 20:52:14 - section has 224 entries left
locals 
2021-10-05 20:52:14 - section has 223 entries left
local count: 4 type: i32
locals 
    (local i32 i32 i32 i32)
2021-10-05 20:52:14 - section has 222 entries left
locals 
2021-10-05 20:52:14 - section has 221 entries left
local count: 2 type: i32
locals 
    (local i32 i32)
2021-10-05 20:52:14 - section has 220 entries left
local count: 7 type: i32
locals 
    (local i32 i32 i32 i32 i32 i32 i32)
2021-10-05 20:52:14 - section has 219 entries left
local count: 14 type: i32
locals 
    (local i32 i32 i32 i32 i32 i32 i32 i32 i32 i32 i32 i32 i32 i32)
2021-10-05 20:52:14 - section has 218 entries left
local count: 5 type: i32
locals 
    (local i32 i32 i32 i32 i32)
2021-10-05 20:52:14 - section has 217 entries left
local count: 2 type: i32
locals 
    (local i32 i32)
2021-10-05 20:52:14 - section has 216 entries left
local count: 12 type: i32
locals 
    (local i32 i32 i32 i32 i32 i32 i32 i32 i32 i32 i32 i32)
2021-10-05 20:52:14 - section has 215 entries left
local count: 4 type: i32
locals 
    (local i32 i32 i32 i32)
2021-10-05 20:52:14 - section has 214 entries left
local count: 9 type: i32
locals 
    (local i32 i32 i32 i32 i32 i32 i32 i32 i32)
2021-10-05 20:52:14 - section has 213 entries left
local count: 8 type: i32
locals 
    (local i32 i32 i32 i32 i32 i32 i32 i32)
2021-10-05 20:52:14 - section has 212 entries left
local count: 9 type: i32
locals 
    (local i32 i32 i32 i32 i32 i32 i32 i32 i32)
2021-10-05 20:52:14 - section has 211 entries left
local count: 1 type: i32
locals 
    (local i32)
2021-10-05 20:52:14 - section has 210 entries left
local count: 14 type: i32
locals 
    (local i32 i32 i32 i32 i32 i32 i32 i32 i32 i32 i32 i32 i32 i32)
2021-10-05 20:52:14 - section has 209 entries left
local count: 4 type: i32
locals 
    (local i32 i32 i32 i32)
2021-10-05 20:52:14 - section has 208 entries left
local count: 7 type: i32
locals 
    (local i32 i32 i32 i32 i32 i32 i32)
2021-10-05 20:52:14 - section has 207 entries left
local count: 15 type: i32
locals 
    (local i32 i32 i32 i32 i32 i32 i32 i32 i32 i32 i32 i32 i32 i32 i32)
2021-10-05 20:52:14 - section has 206 entries left
local count: 3 type: i32
locals 
    (local i32 i32 i32)
2021-10-05 20:52:14 - section has 205 entries left
local count: 12 type: i32
locals 
    (local i32 i32 i32 i32 i32 i32 i32 i32 i32 i32 i32 i32)
2021-10-05 20:52:14 - section has 204 entries left
local count: 7 type: i32
locals 
    (local i32 i32 i32 i32 i32 i32 i32)
2021-10-05 20:52:14 - section has 203 entries left
local count: 6 type: i32
locals 
    (local i32 i32 i32 i32 i32 i32)
2021-10-05 20:52:14 - section has 202 entries left
local count: 2 type: i32
locals 
    (local i32 i32)
2021-10-05 20:52:14 - section has 201 entries left
locals 
2021-10-05 20:52:14 - section has 200 entries left
local count: 2 type: i32
locals 
    (local i32 i32)
2021-10-05 20:52:14 - section has 199 entries left
local count: 3 type: i32
locals 
    (local i32 i32 i32)
2021-10-05 20:52:14 - section has 198 entries left
local count: 4 type: i32
locals 
    (local i32 i32 i32 i32)
2021-10-05 20:52:14 - section has 197 entries left
local count: 4 type: i32
locals 
    (local i32 i32 i32 i32)
2021-10-05 20:52:14 - section has 196 entries left
local count: 1 type: i32
locals 
    (local i32)
2021-10-05 20:52:14 - section has 195 entries left
local count: 3 type: i32
locals 
    (local i32 i32 i32)
2021-10-05 20:52:14 - section has 194 entries left
locals 
2021-10-05 20:52:14 - section has 193 entries left
local count: 14 type: i32
local count: 1 type: f64
locals 
    (local i32 i32 i32 i32 i32 i32 i32 i32 i32 i32 i32 i32 i32 i32 f64)
2021-10-05 20:52:15 - section has 192 entries left
local count: 16 type: i32
locals 
    (local i32 i32 i32 i32 i32 i32 i32 i32 i32 i32 i32 i32 i32 i32 i32 i32)
2021-10-05 20:52:15 - section has 191 entries left
local count: 5 type: i32
locals 
    (local i32 i32 i32 i32 i32)
2021-10-05 20:52:15 - section has 190 entries left
local count: 3 type: i32
locals 
    (local i32 i32 i32)
2021-10-05 20:52:15 - section has 189 entries left
local count: 9 type: i32
locals 
    (local i32 i32 i32 i32 i32 i32 i32 i32 i32)
2021-10-05 20:52:15 - section has 188 entries left
local count: 18 type: i32
locals 
    (local i32 i32 i32 i32 i32 i32 i32 i32 i32 i32 i32 i32 i32 i32 i32 i32 i32 i32)
2021-10-05 20:52:15 - section has 187 entries left
local count: 2 type: i32
locals 
    (local i32 i32)
2021-10-05 20:52:15 - section has 186 entries left
local count: 2 type: i32
locals 
    (local i32 i32)
2021-10-05 20:52:15 - section has 185 entries left
local count: 2 type: i32
locals 
    (local i32 i32)
2021-10-05 20:52:15 - section has 184 entries left
local count: 2 type: i32
locals 
    (local i32 i32)
2021-10-05 20:52:15 - section has 183 entries left
locals 
2021-10-05 20:52:15 - section has 182 entries left
local count: 3 type: i32
locals 
    (local i32 i32 i32)
2021-10-05 20:52:15 - section has 181 entries left
local count: 5 type: i32
locals 
    (local i32 i32 i32 i32 i32)
2021-10-05 20:52:15 - section has 180 entries left
local count: 2 type: i32
locals 
    (local i32 i32)
2021-10-05 20:52:15 - section has 179 entries left
local count: 3 type: i32
locals 
    (local i32 i32 i32)
2021-10-05 20:52:15 - section has 178 entries left
local count: 2 type: i32
locals 
    (local i32 i32)
2021-10-05 20:52:15 - section has 177 entries left
local count: 17 type: i32
locals 
    (local i32 i32 i32 i32 i32 i32 i32 i32 i32 i32 i32 i32 i32 i32 i32 i32 i32)
2021-10-05 20:52:15 - section has 176 entries left
local count: 16 type: i32
locals 
    (local i32 i32 i32 i32 i32 i32 i32 i32 i32 i32 i32 i32 i32 i32 i32 i32)
2021-10-05 20:52:15 - section has 175 entries left
local count: 17 type: i32
locals 
    (local i32 i32 i32 i32 i32 i32 i32 i32 i32 i32 i32 i32 i32 i32 i32 i32 i32)
2021-10-05 20:52:15 - section has 174 entries left
local count: 2 type: i32
locals 
    (local i32 i32)
2021-10-05 20:52:15 - section has 173 entries left
local count: 5 type: i32
locals 
    (local i32 i32 i32 i32 i32)
2021-10-05 20:52:15 - section has 172 entries left
local count: 2 type: i32
locals 
    (local i32 i32)
2021-10-05 20:52:15 - section has 171 entries left
local count: 1 type: i32
locals 
    (local i32)
2021-10-05 20:52:15 - section has 170 entries left
local count: 10 type: i32
locals 
    (local i32 i32 i32 i32 i32 i32 i32 i32 i32 i32)
2021-10-05 20:52:23 - section has 169 entries left
local count: 10 type: i32
locals 
    (local i32 i32 i32 i32 i32 i32 i32 i32 i32 i32)
2021-10-05 20:52:23 - section has 168 entries left
local count: 1 type: i64
locals 
    (local i64)
2021-10-05 20:52:23 - section has 167 entries left
locals 
2021-10-05 20:52:23 - section has 166 entries left
locals 
2021-10-05 20:52:23 - section has 165 entries left
locals 
2021-10-05 20:52:23 - section has 164 entries left
locals 
2021-10-05 20:52:23 - section has 163 entries left
locals 
2021-10-05 20:52:23 - section has 162 entries left
local count: 10 type: i32
locals 
    (local i32 i32 i32 i32 i32 i32 i32 i32 i32 i32)
2021-10-05 20:52:23 - section has 161 entries left
locals 
2021-10-05 20:52:23 - section has 160 entries left
locals 
2021-10-05 20:52:23 - section has 159 entries left
locals 
2021-10-05 20:52:23 - section has 158 entries left
locals 
2021-10-05 20:52:23 - section has 157 entries left
locals 
2021-10-05 20:52:23 - section has 156 entries left
locals 
2021-10-05 20:52:23 - section has 155 entries left
locals 
2021-10-05 20:52:23 - section has 154 entries left
locals 
2021-10-05 20:52:23 - section has 153 entries left
locals 
2021-10-05 20:52:23 - section has 152 entries left
local count: 3 type: i32
locals 
    (local i32 i32 i32)
2021-10-05 20:52:23 - section has 151 entries left
locals 
2021-10-05 20:52:23 - section has 150 entries left
local count: 6 type: i32
locals 
    (local i32 i32 i32 i32 i32 i32)
2021-10-05 20:52:23 - section has 149 entries left
locals 
2021-10-05 20:52:23 - section has 148 entries left
local count: 4 type: i32
locals 
    (local i32 i32 i32 i32)
2021-10-05 20:52:23 - section has 147 entries left
local count: 2 type: i32
locals 
    (local i32 i32)
2021-10-05 20:52:23 - section has 146 entries left
local count: 8 type: i32
locals 
    (local i32 i32 i32 i32 i32 i32 i32 i32)
2021-10-05 20:52:23 - section has 145 entries left
locals 
2021-10-05 20:52:23 - section has 144 entries left
locals 
2021-10-05 20:52:23 - section has 143 entries left
locals 
2021-10-05 20:52:23 - section has 142 entries left
locals 
2021-10-05 20:52:23 - section has 141 entries left
local count: 4 type: i32
locals 
    (local i32 i32 i32 i32)
2021-10-05 20:52:23 - section has 140 entries left
local count: 1 type: i32
locals 
    (local i32)
2021-10-05 20:52:23 - section has 139 entries left
local count: 5 type: i32
locals 
    (local i32 i32 i32 i32 i32)
2021-10-05 20:52:23 - section has 138 entries left
locals 
2021-10-05 20:52:23 - section has 137 entries left
local count: 2 type: i32
locals 
    (local i32 i32)
2021-10-05 20:52:23 - section has 136 entries left
locals 
2021-10-05 20:52:23 - section has 135 entries left
locals 
2021-10-05 20:52:23 - section has 134 entries left
locals 
2021-10-05 20:52:23 - section has 133 entries left
locals 
2021-10-05 20:52:23 - section has 132 entries left
local count: 1 type: i32
locals 
    (local i32)
2021-10-05 20:52:23 - section has 131 entries left
local count: 1 type: i32
locals 
    (local i32)
2021-10-05 20:52:23 - section has 130 entries left
local count: 3 type: i32
locals 
    (local i32 i32 i32)
2021-10-05 20:52:23 - section has 129 entries left
locals 
2021-10-05 20:52:23 - section has 128 entries left
locals 
2021-10-05 20:52:23 - section has 127 entries left
local count: 1 type: i32
locals 
    (local i32)
2021-10-05 20:52:23 - section has 126 entries left
local count: 2 type: i32
locals 
    (local i32 i32)
2021-10-05 20:52:23 - section has 125 entries left
local count: 3 type: i32
locals 
    (local i32 i32 i32)
2021-10-05 20:52:23 - section has 124 entries left
locals 
2021-10-05 20:52:23 - section has 123 entries left
locals 
2021-10-05 20:52:23 - section has 122 entries left
local count: 1 type: i32
locals 
    (local i32)
2021-10-05 20:52:23 - section has 121 entries left
local count: 5 type: i32
locals 
    (local i32 i32 i32 i32 i32)
2021-10-05 20:52:23 - section has 120 entries left
local count: 3 type: i32
locals 
    (local i32 i32 i32)
2021-10-05 20:52:23 - section has 119 entries left
local count: 4 type: i32
locals 
    (local i32 i32 i32 i32)
2021-10-05 20:52:23 - section has 118 entries left
local count: 3 type: i32
locals 
    (local i32 i32 i32)
2021-10-05 20:52:23 - section has 117 entries left
locals 
2021-10-05 20:52:23 - section has 116 entries left
local count: 2 type: i32
locals 
    (local i32 i32)
2021-10-05 20:52:23 - section has 115 entries left
local count: 1 type: i32
locals 
    (local i32)
2021-10-05 20:52:23 - section has 114 entries left
local count: 13 type: i32
local count: 3 type: i64
locals 
    (local i32 i32 i32 i32 i32 i32 i32 i32 i32 i32 i32 i32 i32 i64 i64 i64)
2021-10-05 20:52:23 - section has 113 entries left
local count: 13 type: i32
local count: 6 type: i64
local count: 1 type: f64
locals 
    (local i32 i32 i32 i32 i32 i32 i32 i32 i32 i32 i32 i32 i32 i64 i64 i64 i64 i64 i64 f64)
2021-10-05 20:52:23 - section has 112 entries left
local count: 8 type: i32
local count: 7 type: i64
locals 
    (local i32 i32 i32 i32 i32 i32 i32 i32 i64 i64 i64 i64 i64 i64 i64)
2021-10-05 20:52:23 - section has 111 entries left
local count: 2 type: i32
local count: 1 type: f32
locals 
    (local i32 i32 f32)
2021-10-05 20:52:23 - section has 110 entries left
local count: 6 type: i32
local count: 2 type: i64
locals 
    (local i32 i32 i32 i32 i32 i32 i64 i64)
2021-10-05 20:52:23 - section has 109 entries left
local count: 6 type: i32
local count: 4 type: i64
locals 
    (local i32 i32 i32 i32 i32 i32 i64 i64 i64 i64)
2021-10-05 20:52:23 - section has 108 entries left
local count: 3 type: i32
locals 
    (local i32 i32 i32)
2021-10-05 20:52:23 - section has 107 entries left
local count: 1 type: i32
locals 
    (local i32)
2021-10-05 20:52:23 - section has 106 entries left
local count: 2 type: i32
locals 
    (local i32 i32)
2021-10-05 20:52:23 - section has 105 entries left
local count: 7 type: i32
local count: 9 type: f32
locals 
    (local i32 i32 i32 i32 i32 i32 i32 f32 f32 f32 f32 f32 f32 f32 f32 f32)
2021-10-05 20:52:23 - section has 104 entries left
local count: 3 type: i32
local count: 1 type: i64
locals 
    (local i32 i32 i32 i64)
2021-10-05 20:52:23 - section has 103 entries left
locals 
2021-10-05 20:52:23 - section has 102 entries left
locals 
2021-10-05 20:52:23 - section has 101 entries left
local count: 3 type: i32
locals 
    (local i32 i32 i32)
2021-10-05 20:52:23 - section has 100 entries left
local count: 1 type: i32
locals 
    (local i32)
2021-10-05 20:52:23 - section has 99 entries left
local count: 1 type: i32
locals 
    (local i32)
2021-10-05 20:52:23 - section has 98 entries left
local count: 1 type: i32
locals 
    (local i32)
2021-10-05 20:52:23 - section has 97 entries left
local count: 2 type: i32
locals 
    (local i32 i32)
2021-10-05 20:52:23 - section has 96 entries left
local count: 2 type: i32
locals 
    (local i32 i32)
2021-10-05 20:52:23 - section has 95 entries left
local count: 1 type: i32
locals 
    (local i32)
2021-10-05 20:52:23 - section has 94 entries left
locals 
2021-10-05 20:52:23 - section has 93 entries left
local count: 5 type: i32
locals 
    (local i32 i32 i32 i32 i32)
2021-10-05 20:52:23 - section has 92 entries left
local count: 1 type: i32
locals 
    (local i32)
2021-10-05 20:52:23 - section has 91 entries left
local count: 7 type: i32
locals 
    (local i32 i32 i32 i32 i32 i32 i32)
2021-10-05 20:52:23 - section has 90 entries left
local count: 2 type: i32
locals 
    (local i32 i32)
2021-10-05 20:52:23 - section has 89 entries left
local count: 1 type: i32
locals 
    (local i32)
2021-10-05 20:52:23 - section has 88 entries left
local count: 1 type: i32
locals 
    (local i32)
2021-10-05 20:52:23 - section has 87 entries left
local count: 1 type: i32
locals 
    (local i32)
2021-10-05 20:52:23 - section has 86 entries left
local count: 8 type: i32
local count: 8 type: f32
locals 
    (local i32 i32 i32 i32 i32 i32 i32 i32 f32 f32 f32 f32 f32 f32 f32 f32)
2021-10-05 20:52:23 - section has 85 entries left
local count: 1 type: i32
locals 
    (local i32)
2021-10-05 20:52:23 - section has 84 entries left
local count: 1 type: i32
locals 
    (local i32)
2021-10-05 20:52:23 - section has 83 entries left
local count: 1 type: i32
locals 
    (local i32)
2021-10-05 20:52:23 - section has 82 entries left
local count: 1 type: i32
locals 
    (local i32)
2021-10-05 20:52:23 - section has 81 entries left
local count: 1 type: i32
locals 
    (local i32)
2021-10-05 20:52:23 - section has 80 entries left
local count: 1 type: i32
locals 
    (local i32)
2021-10-05 20:52:23 - section has 79 entries left
local count: 1 type: i32
locals 
    (local i32)
2021-10-05 20:52:23 - section has 78 entries left
local count: 1 type: i32
locals 
    (local i32)
2021-10-05 20:52:23 - section has 77 entries left
local count: 1 type: i32
locals 
    (local i32)
2021-10-05 20:52:23 - section has 76 entries left
local count: 1 type: i32
locals 
    (local i32)
2021-10-05 20:52:23 - section has 75 entries left
local count: 1 type: i32
locals 
    (local i32)
2021-10-05 20:52:23 - section has 74 entries left
local count: 1 type: i32
locals 
    (local i32)
2021-10-05 20:52:23 - section has 73 entries left
local count: 1 type: i32
locals 
    (local i32)
2021-10-05 20:52:23 - section has 72 entries left
local count: 1 type: i32
locals 
    (local i32)
2021-10-05 20:52:23 - section has 71 entries left
local count: 1 type: i32
locals 
    (local i32)
2021-10-05 20:52:23 - section has 70 entries left
local count: 10 type: i32
local count: 1 type: f32
local count: 1 type: f64
locals 
    (local i32 i32 i32 i32 i32 i32 i32 i32 i32 i32 f32 f64)
2021-10-05 20:52:23 - section has 69 entries left
local count: 1 type: i32
locals 
    (local i32)
2021-10-05 20:52:23 - section has 68 entries left
local count: 1 type: i32
locals 
    (local i32)
2021-10-05 20:52:23 - section has 67 entries left
local count: 1 type: i32
locals 
    (local i32)
2021-10-05 20:52:23 - section has 66 entries left
local count: 2 type: i32
locals 
    (local i32 i32)
2021-10-05 20:52:23 - section has 65 entries left
local count: 11 type: i32
locals 
    (local i32 i32 i32 i32 i32 i32 i32 i32 i32 i32 i32)
2021-10-05 20:52:23 - section has 64 entries left
local count: 3 type: i32
locals 
    (local i32 i32 i32)
2021-10-05 20:52:23 - section has 63 entries left
local count: 2 type: i32
locals 
    (local i32 i32)
2021-10-05 20:52:23 - section has 62 entries left
local count: 12 type: i32
local count: 2 type: i64
local count: 1 type: f64
locals 
    (local i32 i32 i32 i32 i32 i32 i32 i32 i32 i32 i32 i32 i64 i64 f64)
2021-10-05 20:52:23 - section has 61 entries left
local count: 1 type: i32
locals 
    (local i32)
2021-10-05 20:52:23 - section has 60 entries left
locals 
2021-10-05 20:52:23 - section has 59 entries left
local count: 1 type: i32
locals 
    (local i32)
2021-10-05 20:52:23 - section has 58 entries left
locals 
2021-10-05 20:52:23 - section has 57 entries left
local count: 1 type: i32
locals 
    (local i32)
2021-10-05 20:52:23 - section has 56 entries left
local count: 1 type: i32
locals 
    (local i32)
2021-10-05 20:52:23 - section has 55 entries left
local count: 2 type: i32
locals 
    (local i32 i32)
2021-10-05 20:52:23 - section has 54 entries left
local count: 1 type: i32
locals 
    (local i32)
2021-10-05 20:52:23 - section has 53 entries left
local count: 2 type: i32
locals 
    (local i32 i32)
2021-10-05 20:52:23 - section has 52 entries left
local count: 3 type: i32
local count: 1 type: f32
locals 
    (local i32 i32 i32 f32)
2021-10-05 20:52:23 - section has 51 entries left
local count: 4 type: i32
locals 
    (local i32 i32 i32 i32)
2021-10-05 20:52:23 - section has 50 entries left
locals 
2021-10-05 20:52:23 - section has 49 entries left
locals 
2021-10-05 20:52:23 - section has 48 entries left
locals 
2021-10-05 20:52:23 - section has 47 entries left
locals 
2021-10-05 20:52:23 - section has 46 entries left
locals 
2021-10-05 20:52:23 - section has 45 entries left
local count: 1 type: i32
locals 
    (local i32)
2021-10-05 20:52:23 - section has 44 entries left
local count: 1 type: i32
locals 
    (local i32)
2021-10-05 20:52:23 - section has 43 entries left
local count: 3 type: i32
local count: 1 type: i64
locals 
    (local i32 i32 i32 i64)
2021-10-05 20:52:23 - section has 42 entries left
local count: 3 type: i32
local count: 2 type: i64
locals 
    (local i32 i32 i32 i64 i64)
2021-10-05 20:52:23 - section has 41 entries left
local count: 11 type: i32
locals 
    (local i32 i32 i32 i32 i32 i32 i32 i32 i32 i32 i32)
2021-10-05 20:52:23 - section has 40 entries left
local count: 1 type: i32
local count: 1 type: i64
locals 
    (local i32 i64)
2021-10-05 20:52:23 - section has 39 entries left
local count: 9 type: i32
locals 
    (local i32 i32 i32 i32 i32 i32 i32 i32 i32)
2021-10-05 20:52:24 - section has 38 entries left
local count: 1 type: i32
local count: 1 type: i64
locals 
    (local i32 i64)
2021-10-05 20:52:24 - section has 37 entries left
local count: 5 type: i32
locals 
    (local i32 i32 i32 i32 i32)
2021-10-05 20:52:24 - section has 36 entries left
local count: 3 type: i32
local count: 1 type: f32
locals 
    (local i32 i32 i32 f32)
2021-10-05 20:52:24 - section has 35 entries left
local count: 13 type: i32
locals 
    (local i32 i32 i32 i32 i32 i32 i32 i32 i32 i32 i32 i32 i32)
2021-10-05 20:52:24 - section has 34 entries left
local count: 9 type: i32
locals 
    (local i32 i32 i32 i32 i32 i32 i32 i32 i32)
2021-10-05 20:52:24 - section has 33 entries left
local count: 3 type: i32
locals 
    (local i32 i32 i32)
2021-10-05 20:52:24 - section has 32 entries left
local count: 11 type: i32
locals 
    (local i32 i32 i32 i32 i32 i32 i32 i32 i32 i32 i32)
2021-10-05 20:52:24 - section has 31 entries left
local count: 9 type: i32
locals 
    (local i32 i32 i32 i32 i32 i32 i32 i32 i32)
2021-10-05 20:52:24 - section has 30 entries left
local count: 5 type: i32
locals 
    (local i32 i32 i32 i32 i32)
2021-10-05 20:52:24 - section has 29 entries left
locals 
2021-10-05 20:52:24 - section has 28 entries left
local count: 7 type: i32
locals 
    (local i32 i32 i32 i32 i32 i32 i32)
2021-10-05 20:52:24 - section has 27 entries left
locals 
2021-10-05 20:52:24 - section has 26 entries left
local count: 5 type: i32
locals 
    (local i32 i32 i32 i32 i32)
2021-10-05 20:52:24 - section has 25 entries left
local count: 6 type: i32
locals 
    (local i32 i32 i32 i32 i32 i32)
2021-10-05 20:52:24 - section has 24 entries left
local count: 2 type: i32
locals 
    (local i32 i32)
2021-10-05 20:52:24 - section has 23 entries left
local count: 2 type: i32
locals 
    (local i32 i32)
2021-10-05 20:52:24 - section has 22 entries left
local count: 12 type: i32
locals 
    (local i32 i32 i32 i32 i32 i32 i32 i32 i32 i32 i32 i32)
2021-10-05 20:52:24 - section has 21 entries left
local count: 7 type: i32
locals 
    (local i32 i32 i32 i32 i32 i32 i32)
2021-10-05 20:52:24 - section has 20 entries left
local count: 7 type: i32
locals 
    (local i32 i32 i32 i32 i32 i32 i32)
2021-10-05 20:52:24 - section has 19 entries left
local count: 2 type: i32
locals 
    (local i32 i32)
2021-10-05 20:52:24 - section has 18 entries left
locals 
2021-10-05 20:52:24 - section has 17 entries left
local count: 2 type: i32
locals 
    (local i32 i32)
2021-10-05 20:52:24 - section has 16 entries left
local count: 17 type: i32
locals 
    (local i32 i32 i32 i32 i32 i32 i32 i32 i32 i32 i32 i32 i32 i32 i32 i32 i32)
2021-10-05 20:52:24 - section has 15 entries left
local count: 17 type: i32
locals 
    (local i32 i32 i32 i32 i32 i32 i32 i32 i32 i32 i32 i32 i32 i32 i32 i32 i32)
2021-10-05 20:52:24 - section has 14 entries left
local count: 4 type: i32
local count: 14 type: f32
locals 
    (local i32 i32 i32 i32 f32 f32 f32 f32 f32 f32 f32 f32 f32 f32 f32 f32 f32 f32)
2021-10-05 20:52:24 - section has 13 entries left
local count: 4 type: i32
locals 
    (local i32 i32 i32 i32)
2021-10-05 20:52:24 - section has 12 entries left
locals 
2021-10-05 20:52:24 - section has 11 entries left
local count: 1 type: i32
locals 
    (local i32)
2021-10-05 20:52:24 - section has 10 entries left
local count: 1 type: i32
locals 
    (local i32)
2021-10-05 20:52:24 - section has 9 entries left
local count: 4 type: i32
local count: 3 type: i64
locals 
    (local i32 i32 i32 i32 i64 i64 i64)
2021-10-05 20:52:24 - section has 8 entries left
locals 
2021-10-05 20:52:24 - section has 7 entries left
locals 
2021-10-05 20:52:24 - section has 6 entries left
local count: 3 type: i32
locals 
    (local i32 i32 i32)
2021-10-05 20:52:24 - section has 5 entries left
locals 
2021-10-05 20:52:24 - section has 4 entries left
local count: 13 type: i32
locals 
    (local i32 i32 i32 i32 i32 i32 i32 i32 i32 i32 i32 i32 i32)
2021-10-05 20:52:24 - section has 3 entries left
local count: 5 type: i32
locals 
    (local i32 i32 i32 i32 i32)
2021-10-05 20:52:24 - section has 2 entries left
local count: 2 type: i32
locals 
    (local i32 i32)
2021-10-05 20:52:24 - section has 1 entries left
locals 
2021-10-05 20:52:24 - section has 0 entries left


Section type: 11
Data section
reading section: 
2021-10-05 20:52:24 - section has 34 entries left
2021-10-05 20:52:24 - section has 33 entries left
2021-10-05 20:52:24 - section has 32 entries left
2021-10-05 20:52:24 - section has 31 entries left
2021-10-05 20:52:24 - section has 30 entries left
2021-10-05 20:52:24 - section has 29 entries left
2021-10-05 20:52:24 - section has 28 entries left
2021-10-05 20:52:24 - section has 27 entries left
2021-10-05 20:52:24 - section has 26 entries left
2021-10-05 20:52:24 - section has 25 entries left
2021-10-05 20:52:24 - section has 24 entries left
2021-10-05 20:52:24 - section has 23 entries left
2021-10-05 20:52:24 - section has 22 entries left
2021-10-05 20:52:24 - section has 21 entries left
2021-10-05 20:52:24 - section has 20 entries left
2021-10-05 20:52:24 - section has 19 entries left
2021-10-05 20:52:24 - section has 18 entries left
2021-10-05 20:52:24 - section has 17 entries left
2021-10-05 20:52:24 - section has 16 entries left
2021-10-05 20:52:24 - section has 15 entries left
2021-10-05 20:52:24 - section has 14 entries left
2021-10-05 20:52:24 - section has 13 entries left
2021-10-05 20:52:24 - section has 12 entries left
2021-10-05 20:52:24 - section has 11 entries left
2021-10-05 20:52:24 - section has 10 entries left
2021-10-05 20:52:24 - section has 9 entries left
2021-10-05 20:52:24 - section has 8 entries left
2021-10-05 20:52:24 - section has 7 entries left
2021-10-05 20:52:24 - section has 6 entries left
2021-10-05 20:52:24 - section has 5 entries left
2021-10-05 20:52:24 - section has 4 entries left
2021-10-05 20:52:24 - section has 3 entries left
2021-10-05 20:52:24 - section has 2 entries left
2021-10-05 20:52:24 - section has 1 entries left
2021-10-05 20:52:24 - section has 0 entries left


Section type: -1
type: Control
type: VariableGL
type: Testop
type: Control
type: VariableGL
type: VariableGL
type: Binop
type: VariableTL
type: Constop
type: Binop
type: VariableGL
type: MemoryS
type: VariableGL
type: VariableGL
type: MemoryS
type: VariableGL
type: Constop
type: Relop
type: Control
type: VariableGL
type: Constop
type: Binop
type: VariableGL
type: MemoryS
type: VariableGL
type: VariableGL
type: MemoryS
type: VariableGL
type: Constop
type: Binop
type: VariableGL
type: MemoryS
type: VariableGL
type: VariableGL
type: MemoryS
type: VariableGL
type: Constop
type: Relop
type: Control
type: VariableGL
type: Constop
type: Binop
type: VariableGL
type: MemoryS
type: VariableGL
type: VariableGL
type: MemoryS
type: VariableGL
type: Constop
type: Relop
type: Control
type: VariableGL
type: Constop
type: VariableGL
type: Binop
type: Constop
type: Binop
type: VariableTL
type: Binop
type: VariableTL
type: VariableGL
type: Constop
type: Binop
type: Constop
type: Binop
type: VariableTL
type: MemoryS
type: VariableGL
type: VariableGL
type: VariableGL
type: Binop
type: Constop
type: Binop
type: VariableTL
type: Binop
type: VariableTL
type: Constop
type: Binop
type: VariableGL
type: MemoryS
type: VariableGL
type: Constop
type: Relop
type: Control
type: VariableGL
type: VariableGL
type: MemoryS
type: VariableGL
type: VariableGL
type: MemoryS
type: VariableGL
type: Constop
type: Binop
type: VariableGL
type: MemoryS
type: VariableGL
type: Constop
type: Binop
type: VariableGL
type: MemoryS
type: VariableGL
type: Constop
type: Relop
type: Control
type: VariableGL
type: VariableGL
type: MemoryS
type: VariableGL
type: VariableGL
type: MemoryS
type: VariableGL
type: VariableGL
type: MemoryS
type: VariableGL
type: VariableGL
type: MemoryS
type: VariableGL
type: Constop
type: Binop
type: VariableGL
type: MemoryS
type: VariableGL
type: Constop
type: Binop
type: VariableGL
type: MemoryS
type: VariableGL
type: Constop
type: Binop
type: VariableGL
type: MemoryS
type: VariableGL
type: Constop
type: Binop
type: VariableGL
type: MemoryS
type: VariableGL
type: VariableGL
type: Constop
type: Binop
type: Constop
type: Binop
type: VariableTL
type: Binop
type: VariableTL
type: Constop
type: Relop
type: Control
type: VariableGL
Uncaught exception:
  
  (Failure "Unimplemented cvtop")

Raised at file "stdlib.ml", line 29, characters 17-33
Called from file "reduce.ml", line 247, characters 48-90
Called from file "reduce.ml", line 263, characters 43-99
Called from file "src/list.ml", line 544, characters 7-12
Called from file "list.ml", line 121, characters 24-34
Called from file "src/list0.ml" (inlined), line 21, characters 22-52
Called from file "src/list.ml", line 543, characters 5-62
Called from file "list.ml", line 110, characters 12-15
Called from file "src/list0.ml" (inlined), line 25, characters 16-35
Called from file "readBin.ml", line 648, characters 2-39
