Module: simple.wasm
(module
  (type (;0;) (func (result i32)))
  (type (;1;) (func (param i32)))
  (type (;2;) (func (param i32)(result i32)))
  (type (;3;) (func ))
  (type (;4;) (func (param i32)(param i32)(result i32)))
  (type (;5;) (func (param i32)(param i32)(param i32)(result i32)))
  (type (;6;) (func (param i32)(param i64)(param i32)(result i64)))
  (func (;0;) (type 3) 
    call 6
  end 
  )
  (func (;1;) (type 4) (param i32)(param i32)(result i32)
  (local 0 count: 127 i32)
    global.get 0
    local.set 2
    i32.const 16
    local.set 3
    local.get 2
    local.get 3
    i32.sub 
    local.set 4
    local.get 4
    local.get 0
    i32.store align:12,offset:2
    local.get 4
    local.get 1
    i32.store align:8,offset:2
    local.get 4
    i32.load align:12,offset:2
    local.set 5
    local.get 4
    i32.load align:8,offset:2
    local.set 6
    local.get 5
    local.get 6
    i32.add 
    local.set 7
    local.get 7
    return 
  end 
  )
  (func (;2;) (type 4) (param i32)(param i32)(result i32)
  (local 0 count: 127 i32)
    global.get 0
    local.set 2
    i32.const 16
    local.set 3
    local.get 2
    local.get 3
    i32.sub 
    local.set 4
    local.get 4
    global.set 0
    i32.const 0
    local.set 5
    local.get 4
    local.get 5
    i32.store align:12,offset:2
    local.get 4
    local.get 0
    i32.store align:8,offset:2
    local.get 4
    local.get 1
    i32.store align:4,offset:2
    i32.const 1212
    local.set 6
    i32.const 4321
    local.set 7
    local.get 6
    local.get 7
    call 1
    local.set 8
    i32.const 16
    local.set 9
    local.get 4
    local.get 9
    i32.add 
    local.set 10
    local.get 10
    global.set 0
    local.get 8
    return 
  end 
  )
  (func (;3;) (type 0) (result i32)
    global.get 0
  end 
  )
  (func (;4;) (type 1) (param i32)
    local.get 0
    global.set 0
  end 
  )
  (func (;5;) (type 2) (param i32)(result i32)
  (local 0 count: 127 i32)
    global.get 0
    local.get 0
    i32.sub 
    i32.const -1
    i32.and 
    local.tee 1
    global.set 0
    local.get 1
  end 
  )
  (func (;6;) (type 3) 
    i32.const 5243936
    global.set 2
    i32.const 1044
    i32.const 15
    i32.add 
    i32.const -1
    i32.and 
    global.set 1
  end 
  )
  (func (;7;) (type 0) (result i32)
    global.get 0
    global.get 1
    i32.sub 
  end 
  )
  (func (;8;) (type 0) (result i32)
    global.get 1
  end 
  )
  (func (;9;) (type 2) (param i32)(result i32)
    i32.const 1
  end 
  )
  (func (;10;) (type 1) (param i32)
  end 
  )
  (func (;11;) (type 1) (param i32)
  end 
  )
  (func (;12;) (type 1) (param i32)
  end 
  )
  (func (;13;) (type 0) (result i32)
    i32.const 1024
    call 11
    i32.const 1032
  end 
  )
  (func (;14;) (type 3) 
    i32.const 1024
    call 12
  end 
  )
  (func (;15;) (type 2) (param i32)(result i32)
  (local 0 count: 127 i32)
    block 64
      block 64
        local.get 0
        i32.eqz 
        br_if 0
        block 64
          local.get 0
          i32.load align:76,offset:2
          i32.const -1
          i32.gt_s 
          br_if 0
          local.get 0
          call 16
          return 
        end 
        local.get 0
        call 9
        local.set 1
        local.get 0
        call 16
        local.set 2
        local.get 1
        i32.eqz 
        br_if 1
        local.get 0
        call 10
        local.get 2
        return 
      end 
      i32.const 0
      local.set 2
      block 64
        i32.const 0
        i32.load align:1036,offset:2
        i32.eqz 
        br_if 0
        i32.const 0
        i32.load align:1036,offset:2
        call 15
        local.set 2
      end 
      block 64
        call 13
        i32.load align:0,offset:2
        local.tee 0
        i32.eqz 
        br_if 0
        loop 64
          i32.const 0
          local.set 1
          block 64
            local.get 0
            i32.load align:76,offset:2
            i32.const 0
            i32.lt_s 
            br_if 0
            local.get 0
            call 9
            local.set 1
          end 
          block 64
            local.get 0
            i32.load align:20,offset:2
            local.get 0
            i32.load align:28,offset:2
            i32.le_u 
            br_if 0
            local.get 0
            call 16
            local.get 2
            i32.or 
            local.set 2
          end 
          block 64
            local.get 1
            i32.eqz 
            br_if 0
            local.get 0
            call 10
          end 
          local.get 0
          i32.load align:56,offset:2
          local.tee 0
          br_if 0
        end 
      end 
      call 14
    end 
    local.get 2
  end 
  )
  (func (;16;) (type 2) (param i32)(result i32)
  (local 0 count: 127 i32)
    block 64
      local.get 0
      i32.load align:20,offset:2
      local.get 0
      i32.load align:28,offset:2
      i32.le_u 
      br_if 0
      local.get 0
      i32.const 0
      i32.const 0
      local.get 0
      i32.load align:36,offset:2
      call_indirect 0,5
      drop 
      local.get 0
      i32.load align:20,offset:2
      br_if 0
      i32.const -1
      return 
    end 
    block 64
      local.get 0
      i32.load align:4,offset:2
      local.tee 1
      local.get 0
      i32.load align:8,offset:2
      local.tee 2
      i32.ge_u 
      br_if 0
      local.get 0
      local.get 1
      local.get 2
      i32.sub 
      i64.extend_i32_s 
      i32.const 1
      local.get 0
      i32.load align:40,offset:2
      call_indirect 0,6
      drop 
    end 
    local.get 0
    i32.const 0
    i32.store align:28,offset:2
    local.get 0
    i64.const 0
    i64.store align:16,offset:3
    local.get 0
    i64.const 0
    i64.store align:4,offset:2
    i32.const 0
  end 
  )
  (func (;17;) (type 0) (result i32)
    i32.const 1040
  end 
  )
)